0 info it worked if it ends with ok
1 verbose cli [ '/usr/local/bin/node', '/usr/local/bin/npm', 'start' ]
2 info using npm@3.10.10
3 info using node@v6.11.4
4 verbose run-script [ 'prestart', 'start', 'poststart' ]
5 info lifecycle shadowsocks-heroku@0.9.10~prestart: shadowsocks-heroku@0.9.10
6 silly lifecycle shadowsocks-heroku@0.9.10~prestart: no script for prestart, continuing
7 info lifecycle shadowsocks-heroku@0.9.10~start: shadowsocks-heroku@0.9.10
8 verbose lifecycle shadowsocks-heroku@0.9.10~start: unsafe-perm in lifecycle true
9 verbose lifecycle shadowsocks-heroku@0.9.10~start: PATH: /usr/local/lib/node_modules/npm/bin/node-gyp-bin:/Users/sunyejun/Desktop/sss/node_modules/.bin:/Library/PostgreSQL/10/bin:/opt/gradle/gradle-3.5/bin:/usr/local/src/lua-5.3.3/src:/usr/local/KindleGen_Mac_i386_v2_9:/Users/sunyejun/Library/Python/2.7/bin:/usr/local/mongodb/bin:/usr/local/nginx/sbin:/usr/local/bin:/Library/Developer/CommandLineTools/usr/bin:/usr/local/mysql/bin:/Users/sunyejun/apache-maven-3.2.5/bin:/Users/sunyejun/bin:/usr/local/bin:/Users/sunyejun/.rbenv/shims:/Library/Frameworks/Python.framework/Versions/2.7/bin:/usr/local/bin:/usr/bin:/bin:/usr/sbin:/sbin:/opt/X11/bin:/usr/local/go/bin:/usr/local/coursera-dl:/usr/local/scala-2.11.8/bin
10 verbose lifecycle shadowsocks-heroku@0.9.10~start: CWD: /Users/sunyejun/Desktop/sss
11 silly lifecycle shadowsocks-heroku@0.9.10~start: Args: [ '-c', 'node server.js -b 0.0.0.0' ]
12 silly lifecycle shadowsocks-heroku@0.9.10~start: Returned: code: 1  signal: null
13 info lifecycle shadowsocks-heroku@0.9.10~start: Failed to exec start script
14 verbose stack Error: shadowsocks-heroku@0.9.10 start: `node server.js -b 0.0.0.0`
14 verbose stack Exit status 1
14 verbose stack     at EventEmitter.<anonymous> (/usr/local/lib/node_modules/npm/lib/utils/lifecycle.js:255:16)
14 verbose stack     at emitTwo (events.js:106:13)
14 verbose stack     at EventEmitter.emit (events.js:191:7)
14 verbose stack     at ChildProcess.<anonymous> (/usr/local/lib/node_modules/npm/lib/utils/spawn.js:40:14)
14 verbose stack     at emitTwo (events.js:106:13)
14 verbose stack     at ChildProcess.emit (events.js:191:7)
14 verbose stack     at maybeClose (internal/child_process.js:920:16)
14 verbose stack     at Process.ChildProcess._handle.onexit (internal/child_process.js:230:5)
15 verbose pkgid shadowsocks-heroku@0.9.10
16 verbose cwd /Users/sunyejun/Desktop/sss
17 error Darwin 16.0.0
18 error argv "/usr/local/bin/node" "/usr/local/bin/npm" "start"
19 error node v6.11.4
20 error npm  v3.10.10
21 error code ELIFECYCLE
22 error shadowsocks-heroku@0.9.10 start: `node server.js -b 0.0.0.0`
22 error Exit status 1
23 error Failed at the shadowsocks-heroku@0.9.10 start script 'node server.js -b 0.0.0.0'.
23 error Make sure you have the latest version of node.js and npm installed.
23 error If you do, this is most likely a problem with the shadowsocks-heroku package,
23 error not with npm itself.
23 error Tell the author that this fails on your system:
23 error     node server.js -b 0.0.0.0
23 error You can get information on how to open an issue for this project with:
23 error     npm bugs shadowsocks-heroku
23 error Or if that isn't available, you can get their info via:
23 error     npm owner ls shadowsocks-heroku
23 error There is likely additional logging output above.
24 verbose exit [ 1, true ]
